{
  "stats": {
    "suites": 1,
    "tests": 1,
    "passes": 1,
    "pending": 0,
    "failures": 0,
    "start": "2021-12-22T10:26:35.288Z",
    "end": "2021-12-22T10:27:11.989Z",
    "duration": 36701,
    "testsRegistered": 1,
    "passPercent": 100,
    "pendingPercent": 0,
    "other": 0,
    "hasOther": false,
    "skipped": 0,
    "hasSkipped": false
  },
  "results": [
    {
      "uuid": "da9cbec4-fa1d-44e7-af0b-d9f9673ccfca",
      "title": "",
      "fullFile": "cypress/integration/Home-Page.spec.js",
      "file": "cypress/integration/Home-Page.spec.js",
      "beforeHooks": [],
      "afterHooks": [],
      "tests": [],
      "suites": [
        {
          "uuid": "aee4a251-bc21-4c1f-a948-23145ffb8faa",
          "title": "Dinesh Dhiman - SDET Assignment - Fiserv",
          "fullFile": "",
          "file": "",
          "beforeHooks": [],
          "afterHooks": [],
          "tests": [
            {
              "title": "verify search engine result",
              "fullTitle": "Dinesh Dhiman - SDET Assignment - Fiserv verify search engine result",
              "timedOut": null,
              "duration": 31948,
              "state": "passed",
              "speed": "slow",
              "pass": true,
              "fail": false,
              "pending": false,
              "context": null,
              "code": "homePage.enterSearchText('terms{enter}').verifyResult('term');\nhomePage.takeScreenShot('Search-Result');",
              "err": {},
              "uuid": "a65b08e5-8f99-44cc-a681-bbbcc36487ac",
              "parentUUID": "aee4a251-bc21-4c1f-a948-23145ffb8faa",
              "isHook": false,
              "skipped": false
            }
          ],
          "suites": [],
          "passes": [
            "a65b08e5-8f99-44cc-a681-bbbcc36487ac"
          ],
          "failures": [],
          "pending": [],
          "skipped": [],
          "duration": 31948,
          "root": false,
          "rootEmpty": false,
          "_timeout": 2000
        }
      ],
      "passes": [],
      "failures": [],
      "pending": [],
      "skipped": [],
      "duration": 0,
      "root": true,
      "rootEmpty": true,
      "_timeout": 2000
    }
  ],
  "meta": {
    "mocha": {
      "version": "7.0.1"
    },
    "mochawesome": {
      "options": {
        "quiet": false,
        "reportFilename": "mochawesome",
        "saveHtml": false,
        "saveJson": true,
        "consoleReporter": "spec",
        "useInlineDiffs": false,
        "code": true
      },
      "version": "7.0.1"
    },
    "marge": {
      "options": {
        "overwrite": false,
        "html": false,
        "json": true
      },
      "version": "6.0.1"
    }
  }
}