{
  "stats": {
    "suites": 1,
    "tests": 1,
    "passes": 1,
    "pending": 0,
    "failures": 0,
    "start": "2021-12-22T12:19:14.397Z",
    "end": "2021-12-22T12:19:51.369Z",
    "duration": 36972,
    "testsRegistered": 1,
    "passPercent": 100,
    "pendingPercent": 0,
    "other": 0,
    "hasOther": false,
    "skipped": 0,
    "hasSkipped": false
  },
  "results": [
    {
      "uuid": "d2bae4f5-aba0-41da-84bf-fd6d3600b7c8",
      "title": "",
      "fullFile": "cypress/integration/Home-Page.spec.js",
      "file": "cypress/integration/Home-Page.spec.js",
      "beforeHooks": [],
      "afterHooks": [],
      "tests": [],
      "suites": [
        {
          "uuid": "b02a919e-8fc0-4429-83c1-a6bb3456419a",
          "title": "Dinesh Dhiman - SDET Assignment - Fiserv",
          "fullFile": "",
          "file": "",
          "beforeHooks": [],
          "afterHooks": [],
          "tests": [
            {
              "title": "verify search engine result",
              "fullTitle": "Dinesh Dhiman - SDET Assignment - Fiserv verify search engine result",
              "timedOut": null,
              "duration": 32394,
              "state": "passed",
              "speed": "slow",
              "pass": true,
              "fail": false,
              "pending": false,
              "context": null,
              "code": "homePage.enterSearchText('terms{enter}').verifyResult('term');\nhomePage.takeScreenShot('Search-Result');",
              "err": {},
              "uuid": "270ada32-627e-48e8-b065-ec8d29f94e67",
              "parentUUID": "b02a919e-8fc0-4429-83c1-a6bb3456419a",
              "isHook": false,
              "skipped": false
            }
          ],
          "suites": [],
          "passes": [
            "270ada32-627e-48e8-b065-ec8d29f94e67"
          ],
          "failures": [],
          "pending": [],
          "skipped": [],
          "duration": 32394,
          "root": false,
          "rootEmpty": false,
          "_timeout": 2000
        }
      ],
      "passes": [],
      "failures": [],
      "pending": [],
      "skipped": [],
      "duration": 0,
      "root": true,
      "rootEmpty": true,
      "_timeout": 2000
    }
  ],
  "meta": {
    "mocha": {
      "version": "7.0.1"
    },
    "mochawesome": {
      "options": {
        "quiet": false,
        "reportFilename": "mochawesome",
        "saveHtml": false,
        "saveJson": true,
        "consoleReporter": "spec",
        "useInlineDiffs": false,
        "code": true
      },
      "version": "7.0.1"
    },
    "marge": {
      "options": {
        "overwrite": false,
        "html": false,
        "json": true
      },
      "version": "6.0.1"
    }
  }
}