{
  "stats": {
    "suites": 1,
    "tests": 1,
    "passes": 1,
    "pending": 0,
    "failures": 0,
    "start": "2021-12-22T10:18:16.372Z",
    "end": "2021-12-22T10:18:52.187Z",
    "duration": 35815,
    "testsRegistered": 1,
    "passPercent": 100,
    "pendingPercent": 0,
    "other": 0,
    "hasOther": false,
    "skipped": 0,
    "hasSkipped": false
  },
  "results": [
    {
      "uuid": "7d96bf20-c6ff-4551-a30b-9c53466c8ee2",
      "title": "",
      "fullFile": "cypress/integration/Home-Page.spec.js",
      "file": "cypress/integration/Home-Page.spec.js",
      "beforeHooks": [],
      "afterHooks": [],
      "tests": [],
      "suites": [
        {
          "uuid": "1837818e-34ed-4f95-8209-1f5fe63d8166",
          "title": "Dinesh Dhiman - SDET Assignment - Fiserv",
          "fullFile": "",
          "file": "",
          "beforeHooks": [],
          "afterHooks": [],
          "tests": [
            {
              "title": "verify search engine result",
              "fullTitle": "Dinesh Dhiman - SDET Assignment - Fiserv verify search engine result",
              "timedOut": null,
              "duration": 31318,
              "state": "passed",
              "speed": "slow",
              "pass": true,
              "fail": false,
              "pending": false,
              "context": null,
              "code": "homePage.enterSearchText('terms{enter}').verifyResult('term');\nhomePage.takeScreenShot('Search-Result');",
              "err": {},
              "uuid": "8a3c1001-09c3-497a-939b-8da66ef47d7d",
              "parentUUID": "1837818e-34ed-4f95-8209-1f5fe63d8166",
              "isHook": false,
              "skipped": false
            }
          ],
          "suites": [],
          "passes": [
            "8a3c1001-09c3-497a-939b-8da66ef47d7d"
          ],
          "failures": [],
          "pending": [],
          "skipped": [],
          "duration": 31318,
          "root": false,
          "rootEmpty": false,
          "_timeout": 2000
        }
      ],
      "passes": [],
      "failures": [],
      "pending": [],
      "skipped": [],
      "duration": 0,
      "root": true,
      "rootEmpty": true,
      "_timeout": 2000
    }
  ],
  "meta": {
    "mocha": {
      "version": "7.0.1"
    },
    "mochawesome": {
      "options": {
        "quiet": false,
        "reportFilename": "mochawesome",
        "saveHtml": false,
        "saveJson": true,
        "consoleReporter": "spec",
        "useInlineDiffs": false,
        "code": true
      },
      "version": "7.0.1"
    },
    "marge": {
      "options": {
        "overwrite": false,
        "html": false,
        "json": true
      },
      "version": "6.0.1"
    }
  }
}